timestamp: 2012-12-20T16:27:05.189442
CREATE TABLE register(
    id INTEGER PRIMARY KEY AUTOINCREMENT,
    name CHAR(512) NOT NULL UNIQUE,
    email CHAR(512),
    password CHAR(512),
    tel CHAR(512),
    adress INTEGER REFERENCES user_id (id) ON DELETE CASCADE
);
success!
timestamp: 2012-12-20T16:27:44.370431
CREATE TABLE username(
    id INTEGER PRIMARY KEY AUTOINCREMENT,
    name CHAR(512) NOT NULL UNIQUE,
    email CHAR(512),
    tel CHAR(512),
    adress CHAR(512)
);
success!
timestamp: 2012-12-20T16:27:44.550375
CREATE TABLE user_address(
    id INTEGER PRIMARY KEY AUTOINCREMENT,
    user_id CHAR(512),
    zip_code CHAR(512),
    country CHAR(512),
    region CHAR(512),
    provincy CHAR(512),
    city CHAR(512),
    address_type CHAR(512),
    address CHAR(512),
    home_number CHAR(512),
    extra CHAR(512)
);
success!
timestamp: 2012-12-20T16:28:07.639062
CREATE TABLE pictures(
    id INTEGER PRIMARY KEY AUTOINCREMENT,
    pic INTEGER REFERENCES user_id (id) ON DELETE CASCADE,
    thumb CHAR(512),
    foto CHAR(512)
);
success!
timestamp: 2012-12-20T16:28:07.854346
CREATE TABLE post(
    id INTEGER PRIMARY KEY AUTOINCREMENT,
    id_post INTEGER REFERENCES user_id (id) ON DELETE CASCADE,
    posting TEXT
);
success!
timestamp: 2012-12-20T16:53:56.436292
CREATE TABLE auth_user(
    id INTEGER PRIMARY KEY AUTOINCREMENT,
    first_name CHAR(128),
    last_name CHAR(128),
    email CHAR(512),
    password CHAR(512),
    registration_key CHAR(512),
    reset_password_key CHAR(512),
    registration_id CHAR(512),
    avatar CHAR(512),
    thumbnail CHAR(512)
);
success!
timestamp: 2012-12-20T16:53:56.593325
CREATE TABLE auth_group(
    id INTEGER PRIMARY KEY AUTOINCREMENT,
    role CHAR(512),
    description TEXT
);
success!
timestamp: 2012-12-20T16:53:56.830150
CREATE TABLE auth_membership(
    id INTEGER PRIMARY KEY AUTOINCREMENT,
    user_id INTEGER REFERENCES auth_user (id) ON DELETE CASCADE,
    group_id INTEGER REFERENCES auth_group (id) ON DELETE CASCADE
);
success!
timestamp: 2012-12-20T16:53:56.943157
CREATE TABLE auth_permission(
    id INTEGER PRIMARY KEY AUTOINCREMENT,
    group_id INTEGER REFERENCES auth_group (id) ON DELETE CASCADE,
    name CHAR(512),
    table_name CHAR(512),
    record_id INTEGER
);
success!
timestamp: 2012-12-20T16:53:57.043152
CREATE TABLE auth_event(
    id INTEGER PRIMARY KEY AUTOINCREMENT,
    time_stamp TIMESTAMP,
    client_ip CHAR(512),
    user_id INTEGER REFERENCES auth_user (id) ON DELETE CASCADE,
    origin CHAR(512),
    description TEXT
);
success!
timestamp: 2012-12-20T16:53:57.214859
CREATE TABLE auth_cas(
    id INTEGER PRIMARY KEY AUTOINCREMENT,
    user_id INTEGER REFERENCES auth_user (id) ON DELETE CASCADE,
    created_on TIMESTAMP,
    service CHAR(512),
    ticket CHAR(512),
    renew CHAR(1)
);
success!
timestamp: 2012-12-21T10:49:25.620252
CREATE TABLE logn(
    id INTEGER PRIMARY KEY AUTOINCREMENT,
    email CHAR(512) NOT NULL,
    password CHAR(512)
);
success!
timestamp: 2013-01-17T09:44:28.731903
ALTER TABLE username ADD password CHAR(512);
timestamp: 2013-01-19T10:24:34.359578
ALTER TABLE username ADD user_id INTEGER REFERENCES auth_user (id) ON DELETE CASCADE;
timestamp: 2013-01-22T10:30:00.257937
CREATE TABLE wall(
    id INTEGER PRIMARY KEY AUTOINCREMENT,
    body TEXT
);
success!
timestamp: 2013-01-22T10:50:56.288453
ALTER TABLE wall ADD posted_by INTEGER REFERENCES auth_user (id) ON DELETE CASCADE;
timestamp: 2013-01-22T10:50:56.454170
ALTER TABLE wall ADD posted_on TIMESTAMP;
timestamp: 2013-01-22T10:56:47.581757
CREATE TABLE contacts(
    id INTEGER PRIMARY KEY AUTOINCREMENT,
    id_post INTEGER REFERENCES user_id (id) ON DELETE CASCADE,
    posting TEXT
);
success!
timestamp: 2013-01-22T10:57:43.765455
ALTER TABLE contacts ADD nome INTEGER REFERENCES auth_user (id) ON DELETE CASCADE;
timestamp: 2013-01-22T15:16:13.173339
CREATE TABLE link(
    id INTEGER PRIMARY KEY AUTOINCREMENT,
    fonte INTEGER REFERENCES auth_user (id) ON DELETE CASCADE,
    target INTEGER REFERENCES auth_user (id) ON DELETE CASCADE,
    accepted CHAR(1)
);
success!
timestamp: 2013-01-22T15:19:12.339933
ALTER TABLE post ADD body TEXT;
timestamp: 2013-01-22T15:19:12.559721
ALTER TABLE post ADD posted_by INTEGER REFERENCES auth_user (id) ON DELETE CASCADE;
timestamp: 2013-01-22T15:19:12.735212
ALTER TABLE post ADD posted_on TIMESTAMP;
timestamp: 2013-01-23T15:06:21.530270
ALTER TABLE contacts ADD name CHAR(512);
timestamp: 2013-01-24T14:02:43.059513
CREATE TABLE auth_user(
    id INTEGER PRIMARY KEY AUTOINCREMENT,
    first_name CHAR(128),
    last_name CHAR(128),
    email CHAR(512),
    password CHAR(512),
    registration_key CHAR(512),
    reset_password_key CHAR(512),
    registration_id CHAR(512),
    avatar CHAR(512),
    thumbnail CHAR(512)
);
success!
timestamp: 2013-01-24T14:02:43.229455
CREATE TABLE auth_group(
    id INTEGER PRIMARY KEY AUTOINCREMENT,
    role CHAR(512),
    description TEXT
);
success!
timestamp: 2013-01-24T14:02:43.388920
CREATE TABLE auth_membership(
    id INTEGER PRIMARY KEY AUTOINCREMENT,
    user_id INTEGER REFERENCES auth_user (id) ON DELETE CASCADE,
    group_id INTEGER REFERENCES auth_group (id) ON DELETE CASCADE
);
success!
timestamp: 2013-01-24T14:02:43.555625
CREATE TABLE auth_permission(
    id INTEGER PRIMARY KEY AUTOINCREMENT,
    group_id INTEGER REFERENCES auth_group (id) ON DELETE CASCADE,
    name CHAR(512),
    table_name CHAR(512),
    record_id INTEGER
);
success!
timestamp: 2013-01-24T14:02:43.732845
CREATE TABLE auth_event(
    id INTEGER PRIMARY KEY AUTOINCREMENT,
    time_stamp TIMESTAMP,
    client_ip CHAR(512),
    user_id INTEGER REFERENCES auth_user (id) ON DELETE CASCADE,
    origin CHAR(512),
    description TEXT
);
success!
timestamp: 2013-01-24T14:02:43.908379
CREATE TABLE auth_cas(
    id INTEGER PRIMARY KEY AUTOINCREMENT,
    user_id INTEGER REFERENCES auth_user (id) ON DELETE CASCADE,
    created_on TIMESTAMP,
    service CHAR(512),
    ticket CHAR(512),
    renew CHAR(1)
);
success!
timestamp: 2013-01-24T14:02:44.076008
CREATE TABLE logn(
    id INTEGER PRIMARY KEY AUTOINCREMENT,
    email INTEGER REFERENCES user_email (id) ON DELETE CASCADE,
    password CHAR(512)
);
success!
timestamp: 2013-01-24T14:02:44.242861
CREATE TABLE username(
    id INTEGER PRIMARY KEY AUTOINCREMENT,
    user_id CHAR(512),
    name INTEGER REFERENCES auth_user (id) ON DELETE CASCADE,
    email CHAR(512) NOT NULL,
    tel CHAR(512),
    password CHAR(512),
    adress CHAR(512)
);
success!
timestamp: 2013-01-24T14:02:44.426822
CREATE TABLE user_address(
    id INTEGER PRIMARY KEY AUTOINCREMENT,
    user_id CHAR(512),
    zip_code CHAR(512),
    country CHAR(512),
    region CHAR(512),
    provincy CHAR(512),
    city CHAR(512),
    address_type CHAR(512),
    address CHAR(512),
    home_number CHAR(512),
    extra CHAR(512)
);
success!
timestamp: 2013-01-24T14:02:44.618780
CREATE TABLE pictures(
    id INTEGER PRIMARY KEY AUTOINCREMENT,
    pic INTEGER REFERENCES user_id (id) ON DELETE CASCADE,
    thumb CHAR(512),
    foto CHAR(512)
);
success!
timestamp: 2013-01-24T14:02:44.777566
CREATE TABLE contacts(
    id INTEGER PRIMARY KEY AUTOINCREMENT,
    name CHAR(512),
    posting TEXT
);
success!
timestamp: 2013-01-24T14:02:44.969920
CREATE TABLE post(
    id INTEGER PRIMARY KEY AUTOINCREMENT,
    body TEXT,
    posted_on TIMESTAMP,
    posted_by INTEGER REFERENCES auth_user (id) ON DELETE CASCADE
);
success!
timestamp: 2013-01-24T14:02:45.153781
CREATE TABLE link(
    id INTEGER PRIMARY KEY AUTOINCREMENT,
    fonte INTEGER REFERENCES auth_user (id) ON DELETE CASCADE,
    target INTEGER REFERENCES auth_user (id) ON DELETE CASCADE,
    accepted CHAR(1)
);
success!
timestamp: 2013-01-31T10:31:16.641901
ALTER TABLE logn ADD name INTEGER REFERENCES auth_user (id) ON DELETE CASCADE;
timestamp: 2013-01-31T16:23:47.337046
ALTER TABLE user_address ADD cep CHAR(512);
timestamp: 2013-01-31T16:23:47.555325
ALTER TABLE user_address ADD pais CHAR(512);
timestamp: 2013-01-31T16:23:47.808379
ALTER TABLE user_address ADD estado CHAR(512);
timestamp: 2013-01-31T16:23:48.191940
ALTER TABLE user_address ADD cidade CHAR(512);
timestamp: 2013-02-02T11:43:48.854232
ALTER TABLE user_address ADD tel CHAR(512);
timestamp: 2013-02-06T10:01:13.775154
ALTER TABLE auth_user ADD tel CHAR(512);
timestamp: 2013-02-06T10:01:14.007578
ALTER TABLE auth_user ADD region CHAR(512);
timestamp: 2013-02-06T10:01:14.174283
ALTER TABLE auth_user ADD cep CHAR(512);
timestamp: 2013-02-06T10:01:14.352687
ALTER TABLE auth_user ADD address CHAR(512);
timestamp: 2013-02-06T10:01:14.583535
ALTER TABLE auth_user ADD home_number CHAR(512);
timestamp: 2013-02-06T10:01:14.792795
ALTER TABLE auth_user ADD pais CHAR(512);
timestamp: 2013-02-06T10:01:15.084658
ALTER TABLE auth_user ADD address_type CHAR(512);
timestamp: 2013-02-06T10:01:15.243475
ALTER TABLE auth_user ADD estado CHAR(512);
timestamp: 2013-02-06T10:01:15.539860
ALTER TABLE auth_user ADD cidade CHAR(512);
timestamp: 2013-02-06T10:10:58.096230
ALTER TABLE auth_user ADD cpf CHAR(512);
timestamp: 2013-02-06T10:16:20.077062
ALTER TABLE auth_user ADD regiao CHAR(512);
timestamp: 2013-02-06T10:16:20.280433
ALTER TABLE auth_user ADD complemento CHAR(512);
timestamp: 2013-02-06T10:16:20.467253
ALTER TABLE auth_user ADD endereco TEXT;
timestamp: 2013-02-06T10:23:38.605635
CREATE TABLE reciclagem(
    id INTEGER PRIMARY KEY AUTOINCREMENT,
    papel CHAR(512),
    metal CHAR(512),
    plastico CHAR(512),
    vidro CHAR(512)
);
success!
timestamp: 2013-02-05T21:49:32.192035
CREATE TABLE reciclagem(
    id INTEGER PRIMARY KEY AUTOINCREMENT,
    papel CHAR(512),
    metal CHAR(512),
    plastico CHAR(512),
    vidro CHAR(512)
);
timestamp: 2013-02-05T21:52:16.350231
CREATE TABLE reciclagem(
    id INTEGER PRIMARY KEY AUTOINCREMENT,
    papel CHAR(512),
    metal CHAR(512),
    plastico CHAR(512),
    vidro CHAR(512)
);
timestamp: 2013-02-05T21:55:26.737536
CREATE TABLE reciclagem(
    id INTEGER PRIMARY KEY AUTOINCREMENT,
    papel CHAR(512),
    metal CHAR(512),
    plastico CHAR(512),
    vidro CHAR(512)
);
timestamp: 2013-02-05T21:56:49.250738
CREATE TABLE reciclagem(
    id INTEGER PRIMARY KEY AUTOINCREMENT,
    papel CHAR(512),
    metal CHAR(512),
    plastico CHAR(512),
    vidro CHAR(512)
);
timestamp: 2013-02-05T22:02:03.028092
CREATE TABLE reciclagem(
    id INTEGER PRIMARY KEY AUTOINCREMENT,
    papel CHAR(512),
    metal CHAR(512),
    plastico CHAR(512),
    vidro CHAR(512)
);
timestamp: 2013-02-05T22:06:59.261658
CREATE TABLE reciclagem(
    id INTEGER PRIMARY KEY AUTOINCREMENT,
    papel CHAR(512),
    metal CHAR(512),
    plastico CHAR(512),
    vidro CHAR(512)
);
timestamp: 2013-02-05T22:22:20.745266
CREATE TABLE reciclagem(
    id INTEGER PRIMARY KEY AUTOINCREMENT,
    papel CHAR(512),
    metal CHAR(512),
    plastico CHAR(512),
    vidro CHAR(512)
);
timestamp: 2013-02-05T22:35:38.459140
CREATE TABLE lixo(
    id INTEGER PRIMARY KEY AUTOINCREMENT,
    papel CHAR(512),
    metal CHAR(512),
    plastico CHAR(512),
    vidro CHAR(512)
);
success!
timestamp: 2013-02-07T09:20:37.337384
CREATE TABLE lixo(
    id INTEGER PRIMARY KEY AUTOINCREMENT,
    papel CHAR(512),
    metal CHAR(512),
    plastico CHAR(512),
    vidro CHAR(512)
);
timestamp: 2013-02-08T14:48:29.740639
ALTER TABLE contacts ADD email CHAR(512);
